2008-06-21 19:32:05,082  WARN: Unable to load configuration /home/buetow/argo.user.properties (ConfigurationProperties.java:107)
2008-06-21 19:36:05,751  WARN: Listeners being added and removed from the same owner (FigEdgeModelElement.java:936)
2008-06-21 19:36:05,929  WARN: Listeners being added and removed from the same owner (FigEdgeModelElement.java:936)
2008-06-21 19:36:06,539  WARN: Listeners being added and removed from the same owner (FigEdgeModelElement.java:936)
2008-06-21 19:36:06,773  WARN: Listeners being added and removed from the same owner (FigEdgeModelElement.java:936)
2008-06-21 19:36:07,261  WARN: Listeners being added and removed from the same owner (FigEdgeModelElement.java:936)
2008-06-21 19:36:07,380  WARN: Listeners being added and removed from the same owner (FigEdgeModelElement.java:936)
2008-06-21 19:36:07,490  WARN: Listeners being added and removed from the same owner (FigEdgeModelElement.java:936)
2008-06-21 19:36:07,605  WARN: Listeners being added and removed from the same owner (FigEdgeModelElement.java:936)
2008-06-21 19:36:07,730  WARN: Listeners being added and removed from the same owner (FigEdgeModelElement.java:936)
2008-06-21 19:36:08,648  WARN: Listeners being added and removed from the same owner (FigEdgeModelElement.java:936)
2008-06-21 19:36:08,954  WARN: Listeners being added and removed from the same owner (FigEdgeModelElement.java:936)
2008-06-21 19:36:10,097  WARN: Listeners being added and removed from the same owner (FigEdgeModelElement.java:936)
2008-06-21 19:36:10,936  WARN: Listeners being added and removed from the same owner (FigEdgeModelElement.java:936)
2008-06-21 19:36:12,201  WARN: Listeners being added and removed from the same owner (FigEdgeModelElement.java:936)
2008-06-21 19:36:12,770  WARN: Listeners being added and removed from the same owner (FigEdgeModelElement.java:936)
2008-06-21 19:36:12,890  WARN: Listeners being added and removed from the same owner (FigEdgeModelElement.java:936)
2008-06-21 19:36:12,943  WARN: Listeners being added and removed from the same owner (FigEdgeModelElement.java:936)
2008-06-21 19:36:13,132  WARN: Listeners being added and removed from the same owner (FigEdgeModelElement.java:936)
2008-06-21 19:36:13,786  WARN: Listeners being added and removed from the same owner (FigEdgeModelElement.java:936)
2008-06-21 19:36:15,337  WARN: Listeners being added and removed from the same owner (FigEdgeModelElement.java:936)
2008-06-21 19:36:15,559  WARN: Listeners being added and removed from the same owner (FigEdgeModelElement.java:936)
2008-06-21 19:36:15,697  WARN: Listeners being added and removed from the same owner (FigEdgeModelElement.java:936)
2008-06-21 19:36:15,773  WARN: Listeners being added and removed from the same owner (FigEdgeModelElement.java:936)
2008-06-21 19:36:15,891  WARN: Listeners being added and removed from the same owner (FigEdgeModelElement.java:936)
2008-06-21 19:36:34,290  WARN: Listeners being added and removed from the same owner (FigEdgeModelElement.java:936)
2008-06-21 19:36:35,540  WARN: Listeners being added and removed from the same owner (FigEdgeModelElement.java:936)
2008-06-21 19:36:36,627  WARN: Listeners being added and removed from the same owner (FigEdgeModelElement.java:936)
2008-06-21 19:36:36,749  WARN: Listeners being added and removed from the same owner (FigEdgeModelElement.java:936)
2008-06-21 19:36:36,827  WARN: Listeners being added and removed from the same owner (FigEdgeModelElement.java:936)
2008-06-21 19:36:37,052  WARN: Listeners being added and removed from the same owner (FigEdgeModelElement.java:936)
2008-06-21 19:36:37,216  WARN: Listeners being added and removed from the same owner (FigEdgeModelElement.java:936)
2008-06-21 19:36:37,331  WARN: Listeners being added and removed from the same owner (FigEdgeModelElement.java:936)
2008-06-21 19:36:37,396  WARN: Listeners being added and removed from the same owner (FigEdgeModelElement.java:936)
2008-06-21 19:36:37,670  WARN: Listeners being added and removed from the same owner (FigEdgeModelElement.java:936)
2008-06-21 19:36:38,315  WARN: Listeners being added and removed from the same owner (FigEdgeModelElement.java:936)
2008-06-21 19:36:38,977  WARN: Listeners being added and removed from the same owner (FigEdgeModelElement.java:936)
2008-06-21 19:36:39,330  WARN: Listeners being added and removed from the same owner (FigEdgeModelElement.java:936)
2008-06-21 19:36:39,509  WARN: Listeners being added and removed from the same owner (FigEdgeModelElement.java:936)
2008-06-21 19:36:39,577  WARN: Listeners being added and removed from the same owner (FigEdgeModelElement.java:936)
2008-06-21 19:36:39,705  WARN: Listeners being added and removed from the same owner (FigEdgeModelElement.java:936)
2008-06-21 19:36:48,420  WARN: Listeners being added and removed from the same owner (FigEdgeModelElement.java:936)
2008-06-21 19:36:48,627  WARN: Listeners being added and removed from the same owner (FigEdgeModelElement.java:936)
2008-06-21 19:36:48,802  WARN: Listeners being added and removed from the same owner (FigEdgeModelElement.java:936)
2008-06-21 19:36:48,958  WARN: Listeners being added and removed from the same owner (FigEdgeModelElement.java:936)
2008-06-21 19:36:49,110  WARN: Listeners being added and removed from the same owner (FigEdgeModelElement.java:936)
2008-06-21 19:36:49,255  WARN: Listeners being added and removed from the same owner (FigEdgeModelElement.java:936)
2008-06-21 19:36:49,399  WARN: Listeners being added and removed from the same owner (FigEdgeModelElement.java:936)
2008-06-21 19:36:49,557  WARN: Listeners being added and removed from the same owner (FigEdgeModelElement.java:936)
2008-06-21 19:36:49,716  WARN: Listeners being added and removed from the same owner (FigEdgeModelElement.java:936)
2008-06-21 19:36:49,880  WARN: Listeners being added and removed from the same owner (FigEdgeModelElement.java:936)
2008-06-21 19:36:50,027  WARN: Listeners being added and removed from the same owner (FigEdgeModelElement.java:936)
2008-06-21 19:36:50,190  WARN: Listeners being added and removed from the same owner (FigEdgeModelElement.java:936)
2008-06-21 19:36:50,361  WARN: Listeners being added and removed from the same owner (FigEdgeModelElement.java:936)
2008-06-21 19:36:50,540  WARN: Listeners being added and removed from the same owner (FigEdgeModelElement.java:936)
2008-06-21 20:06:46,474  WARN: Listeners being added and removed from the same owner (FigEdgeModelElement.java:936)
2008-06-21 20:06:46,717  WARN: Listeners being added and removed from the same owner (FigEdgeModelElement.java:936)
2008-06-21 20:06:46,805  WARN: Listeners being added and removed from the same owner (FigEdgeModelElement.java:936)
2008-06-21 20:06:47,642  WARN: Listeners being added and removed from the same owner (FigEdgeModelElement.java:936)
2008-06-21 20:06:48,001  WARN: Listeners being added and removed from the same owner (FigEdgeModelElement.java:936)
2008-06-21 20:06:48,186  WARN: Listeners being added and removed from the same owner (FigEdgeModelElement.java:936)
2008-06-21 20:06:48,281  WARN: Listeners being added and removed from the same owner (FigEdgeModelElement.java:936)
2008-06-21 20:06:48,337  WARN: Listeners being added and removed from the same owner (FigEdgeModelElement.java:936)
2008-06-21 20:06:48,451  WARN: Listeners being added and removed from the same owner (FigEdgeModelElement.java:936)
2008-06-21 20:06:48,544  WARN: Listeners being added and removed from the same owner (FigEdgeModelElement.java:936)
2008-06-21 20:06:48,880  WARN: Listeners being added and removed from the same owner (FigEdgeModelElement.java:936)
2008-06-21 20:06:49,008  WARN: Listeners being added and removed from the same owner (FigEdgeModelElement.java:936)
2008-06-21 20:06:49,177  WARN: Listeners being added and removed from the same owner (FigEdgeModelElement.java:936)
2008-06-21 20:06:49,276  WARN: Listeners being added and removed from the same owner (FigEdgeModelElement.java:936)
2008-06-21 20:06:49,437  WARN: Listeners being added and removed from the same owner (FigEdgeModelElement.java:936)
2008-06-21 20:06:49,537  WARN: Listeners being added and removed from the same owner (FigEdgeModelElement.java:936)
2008-06-21 20:06:49,678  WARN: Listeners being added and removed from the same owner (FigEdgeModelElement.java:936)
2008-06-21 20:06:49,773  WARN: Listeners being added and removed from the same owner (FigEdgeModelElement.java:936)
2008-06-21 20:06:49,893  WARN: Listeners being added and removed from the same owner (FigEdgeModelElement.java:936)
2008-06-21 20:06:49,978  WARN: Listeners being added and removed from the same owner (FigEdgeModelElement.java:936)
2008-06-21 20:06:50,085  WARN: Listeners being added and removed from the same owner (FigEdgeModelElement.java:936)
2008-06-21 20:06:50,170  WARN: Listeners being added and removed from the same owner (FigEdgeModelElement.java:936)
2008-06-21 20:06:50,297  WARN: Listeners being added and removed from the same owner (FigEdgeModelElement.java:936)
2008-06-21 20:06:50,353  WARN: Listeners being added and removed from the same owner (FigEdgeModelElement.java:936)
2008-06-21 20:06:50,457  WARN: Listeners being added and removed from the same owner (FigEdgeModelElement.java:936)
2008-06-21 20:18:04,978  WARN: Owner of [org.argouml.uml.diagram.use_case.ui.FigUseCase@1dc5341/class org.argouml.uml.diagram.use_case.ui.FigUseCase] is null. (FigNodeModelElement.java:1326)
2008-06-21 20:18:04,991  WARN: I return... (FigNodeModelElement.java:1328)
2008-06-21 20:18:05,000  WARN: Owner of [org.argouml.uml.diagram.use_case.ui.FigUseCase@a488b9/class org.argouml.uml.diagram.use_case.ui.FigUseCase] is null. (FigNodeModelElement.java:1326)
2008-06-21 20:18:05,001  WARN: I return... (FigNodeModelElement.java:1328)
2008-06-21 20:34:08,418  WARN: Got a ClassifierRole - only legal on load (FigClassifierRole.java:1024)
2008-06-21 20:34:08,419  WARN: Got a ClassifierRole - only legal on load (FigClassifierRole.java:1024)
2008-06-21 20:36:25,593  WARN: Got a ClassifierRole - only legal on load (FigClassifierRole.java:1024)
2008-06-21 20:36:25,594  WARN: Got a ClassifierRole - only legal on load (FigClassifierRole.java:1024)
2008-06-21 20:39:56,964  WARN: Got a ClassifierRole - only legal on load (FigClassifierRole.java:1024)
2008-06-21 20:39:56,966  WARN: Got a ClassifierRole - only legal on load (FigClassifierRole.java:1024)
2008-06-21 20:39:59,236  WARN: Got a ClassifierRole - only legal on load (FigClassifierRole.java:1024)
2008-06-21 20:39:59,237  WARN: Got a ClassifierRole - only legal on load (FigClassifierRole.java:1024)
2008-06-21 20:40:48,006  WARN: Listeners being added and removed from the same owner (FigEdgeModelElement.java:936)
2008-06-21 20:40:48,198  WARN: Listeners being added and removed from the same owner (FigEdgeModelElement.java:936)
2008-06-21 20:40:48,281  WARN: Listeners being added and removed from the same owner (FigEdgeModelElement.java:936)
2008-06-21 20:40:48,376  WARN: Listeners being added and removed from the same owner (FigEdgeModelElement.java:936)
2008-06-21 20:40:48,540  WARN: Listeners being added and removed from the same owner (FigEdgeModelElement.java:936)
2008-06-21 20:40:48,644  WARN: Listeners being added and removed from the same owner (FigEdgeModelElement.java:936)
2008-06-21 20:40:48,861  WARN: Listeners being added and removed from the same owner (FigEdgeModelElement.java:936)
2008-06-21 20:40:48,942  WARN: Listeners being added and removed from the same owner (FigEdgeModelElement.java:936)
2008-06-21 20:40:49,049  WARN: Listeners being added and removed from the same owner (FigEdgeModelElement.java:936)
2008-06-21 20:40:49,253  WARN: Listeners being added and removed from the same owner (FigEdgeModelElement.java:936)
2008-06-21 20:40:49,409  WARN: Listeners being added and removed from the same owner (FigEdgeModelElement.java:936)
2008-06-21 20:40:49,608  WARN: Listeners being added and removed from the same owner (FigEdgeModelElement.java:936)
2008-06-21 20:40:49,678  WARN: Listeners being added and removed from the same owner (FigEdgeModelElement.java:936)
2008-06-21 20:54:29,309  WARN: The current namespace is not a valid one! (UMLModelElementNamespaceComboBoxModel.java:87)
2008-06-21 20:58:55,683  WARN: in dest node but no port (ModeCreateEdgeAndNode.java:417)
2008-06-21 20:59:44,082  WARN: MutableGraphModel connect() returned null (ModeCreatePolyEdge.java:224)
2008-06-21 20:59:47,368  WARN: MutableGraphModel connect() returned null (ModeCreatePolyEdge.java:224)
2008-06-21 20:59:52,046  WARN: MutableGraphModel connect() returned null (ModeCreatePolyEdge.java:224)
2008-06-21 21:02:18,287  WARN: The current namespace is not a valid one! (UMLModelElementNamespaceComboBoxModel.java:87)
2008-06-21 21:02:54,645  WARN: MutableGraphModel connect() returned null (ModeCreatePolyEdge.java:224)
2008-06-21 21:02:59,793  WARN: MutableGraphModel connect() returned null (ModeCreatePolyEdge.java:224)
2008-06-21 21:03:03,715  WARN: MutableGraphModel connect() returned null (ModeCreatePolyEdge.java:224)
2008-06-21 21:03:06,198  WARN: MutableGraphModel connect() returned null (ModeCreatePolyEdge.java:224)
2008-06-21 21:03:15,805  WARN: MutableGraphModel connect() returned null (ModeCreatePolyEdge.java:224)
2008-06-21 21:04:18,658  WARN: MutableGraphModel connect() returned null (ModeCreatePolyEdge.java:224)
2008-06-21 21:04:22,268  WARN: MutableGraphModel connect() returned null (ModeCreatePolyEdge.java:224)
2008-06-21 21:04:52,228  WARN: MutableGraphModel connect() returned null (ModeCreatePolyEdge.java:224)
2008-06-21 21:05:10,857  WARN: The current namespace is not a valid one! (UMLModelElementNamespaceComboBoxModel.java:87)
2008-06-21 21:05:12,909  WARN: The current namespace is not a valid one! (UMLModelElementNamespaceComboBoxModel.java:87)
2008-06-21 21:06:26,259  WARN: The current namespace is not a valid one! (UMLModelElementNamespaceComboBoxModel.java:87)
2008-06-21 21:07:12,943  WARN: MutableGraphModel connect() returned null (ModeCreatePolyEdge.java:224)
2008-06-21 21:07:16,851  WARN: The current namespace is not a valid one! (UMLModelElementNamespaceComboBoxModel.java:87)
2008-06-21 21:09:20,634  WARN: The current namespace is not a valid one! (UMLModelElementNamespaceComboBoxModel.java:87)
