This is pdfeTeX, Version 3.141592-1.21a-2.2 (Web2C 7.5.4) (format=pdflatex 2007.12.18)  28 FEB 2008 00:45
entering extended mode
**\nonstopmode \input{/usr/home/buetow/svn/studium-privat/Diplomarbeit/docs/VS2
007/verteilte-systeme.tex}

(/usr/home/buetow/svn/studium-privat/Diplomarbeit/docs/VS2007/verteilte-systeme
.tex (/usr/local/share/texmf-dist/tex/latex/koma-script/scrreprt.cls
Document Class: scrreprt 2004/09/16 v2.9t LaTeX2e KOMA document class
(/usr/local/share/texmf-dist/tex/latex/koma-script/scrlfile.sty
Package: scrlfile 2004/09/16 v2.9t LaTeX2e KOMA package

Package scrlfile, 2004/09/16 v2.9t LaTeX2e KOMA package
                  Copyright (C) Markus Kohm

) (/usr/local/share/texmf-dist/tex/latex/base/size11.clo
File: size11.clo 2004/02/16 v1.4f Standard LaTeX file (size option)
)
(/usr/local/share/texmf-dist/tex/latex/koma-script/typearea.sty
Package: typearea 2004/09/16 v2.9t LaTeX2e KOMA package

Package typearea, 2004/09/16 v2.9t LaTeX2e KOMA package
                  Copyright (C) Frank Neukam, 1992-1994
                  Copyright (C) Markus Kohm, 1994-2002

\ta@bcor=\skip41
\ta@div=\count79
\ta@hblk=\skip42
\ta@vblk=\skip43
\ta@temp=\skip44
Package typearea Info: These are the values describing the layout:
(typearea)             DIV  = 10
(typearea)             BCOR = 0.0pt
(typearea)             \paperwidth      = 597.50793pt
(typearea)              \textwidth      = 418.25555pt
(typearea)              \columnwidth    = 0.0pt
(typearea)              \columnsep      = 0.0pt
(typearea)              DIV-departure   = -6/100
(typearea)              \evensidemargin = 17.3562pt
(typearea)              \oddsidemargin  = 17.3562pt
(typearea)             \paperheight     = 845.04694pt
(typearea)              \textheight     = 555.00024pt
(typearea)              \topmargin      = 12.2347pt
(typearea)              \headheight     = 17.0pt
(typearea)              \headsep        = 20.40001pt
(typearea)              \topskip        = 11.0pt
(typearea)              \footskip       = 47.60002pt
(typearea)              \baselineskip   = 13.6pt
(typearea)              on input line 633.
)
\c@part=\count80
\c@chapter=\count81
\c@section=\count82
\c@subsection=\count83
\c@subsubsection=\count84
\c@paragraph=\count85
\c@subparagraph=\count86
\c@figure=\count87
\c@table=\count88
\abovecaptionskip=\skip45
\belowcaptionskip=\skip46
\c@pti@nb@sid@b@x=\box26
\bibindent=\dimen102
) (/usr/local/share/texmf-dist/tex/latex/base/inputenc.sty
Package: inputenc 2004/02/05 v1.0d Input encoding file

(/usr/local/share/texmf-dist/tex/latex/base/latin1.def
File: latin1.def 2004/02/05 v1.0d Input encoding file
))
(/usr/local/share/texmf-dist/tex/generic/german/german.sty v2.5e 1998-07-08
Package: german 1998/07/08 v2.5e Support for writing german texts (br)
\grmnU@D=\dimen103
)
(/usr/local/share/texmf-dist/tex/latex/koma-script/scrpage.sty
Package: scrpage 2001/06/22 v1.3c KOMA package
)
(/usr/local/share/texmf-dist/tex/latex/eurosym/eurosym.sty
Package: eurosym 1998/08/06 v1.1 European currency symbol ``Euro''
\@eurobox=\box27
)
(/usr/local/share/texmf-dist/tex/latex/base/alltt.sty
Package: alltt 1997/06/16 v2.0g defines alltt environment
)
(/usr/local/share/texmf-dist/tex/latex/graphics/graphicx.sty
Package: graphicx 1999/02/16 v1.0f Enhanced LaTeX Graphics (DPC,SPQR)

(/usr/local/share/texmf-dist/tex/latex/graphics/keyval.sty
Package: keyval 1999/03/16 v1.13 key=value parser (DPC)
\KV@toks@=\toks14
)
(/usr/local/share/texmf-dist/tex/latex/graphics/graphics.sty
Package: graphics 2001/07/07 v1.0n Standard LaTeX Graphics (DPC,SPQR)

(/usr/local/share/texmf-dist/tex/latex/graphics/trig.sty
Package: trig 1999/03/16 v1.09 sin cos tan (DPC)
)
(/usr/local/share/texmf-dist/tex/latex/graphics/graphics.cfg
File: graphics.cfg 2005/02/03 v1.3 graphics configuration of teTeX/TeXLive
)
Package graphics Info: Driver file: pdftex.def on input line 80.

(/usr/local/share/texmf-dist/tex/latex/graphics/pdftex.def
File: pdftex.def 2002/06/19 v0.03k graphics/color for pdftex
\Gread@gobject=\count89
))
\Gin@req@height=\dimen104
\Gin@req@width=\dimen105
)
(/usr/local/share/texmf-dist/tex/latex/hyperref/hyperref.sty
Package: hyperref 2003/11/30 v6.74m Hypertext links for LaTeX
\@linkdim=\dimen106
\Hy@linkcounter=\count90
\Hy@pagecounter=\count91

(/usr/local/share/texmf-dist/tex/latex/hyperref/pd1enc.def
File: pd1enc.def 2003/11/30 v6.74m Hyperref: PDFDocEncoding definition (HO)
)
(/usr/local/share/texmf-dist/tex/latex/hyperref/hyperref.cfg
File: hyperref.cfg 2002/06/06 v1.2 hyperref configuration of TeXLive and teTeX
)
Package hyperref Info: Hyper figures OFF on input line 1880.
Package hyperref Info: Link nesting OFF on input line 1885.
Package hyperref Info: Hyper index ON on input line 1888.
Package hyperref Info: Plain pages ON on input line 1893.
Package hyperref Info: Backreferencing OFF on input line 1900.

Implicit mode ON; LaTeX internals redefined
Package hyperref Info: Bookmarks ON on input line 2004.
(/usr/local/share/texmf-dist/tex/latex/url/url.sty
\Urlmuskip=\muskip10
Package: url 2004/03/15  ver 3.1  Verb mode for urls, etc.
)
LaTeX Info: Redefining \url on input line 2143.
\Fld@menulength=\count92
\Field@Width=\dimen107
\Fld@charsize=\dimen108
\Choice@toks=\toks15
\Field@toks=\toks16
Package hyperref Info: Hyper figures OFF on input line 2618.
Package hyperref Info: Link nesting OFF on input line 2623.
Package hyperref Info: Hyper index ON on input line 2626.
Package hyperref Info: backreferencing OFF on input line 2633.
Package hyperref Info: Link coloring OFF on input line 2638.
\c@Item=\count93
\c@Hfootnote=\count94
)
*hyperref using default driver hpdftex*
(/usr/local/share/texmf-dist/tex/latex/hyperref/hpdftex.def
File: hpdftex.def 2003/11/30 v6.74m Hyperref driver for pdfTeX

(/usr/local/share/texmf-dist/tex/latex/psnfss/pifont.sty
Package: pifont 2004/09/15 PSNFSS-v9.2 Pi font support (SPQR) 
LaTeX Font Info:    Try loading font information for U+pzd on input line 63.

(/usr/local/share/texmf-dist/tex/latex/psnfss/upzd.fd
File: upzd.fd 2001/06/04 font definitions for U/pzd.
)
LaTeX Font Info:    Try loading font information for U+psy on input line 64.

(/usr/local/share/texmf-dist/tex/latex/psnfss/upsy.fd
File: upsy.fd 2001/06/04 font definitions for U/psy.
))
\Fld@listcount=\count95
\@outlinefile=\write3
)
(/usr/home/buetow/svn/studium-privat/Diplomarbeit/docs/VS2007/verteilte-systeme
.aux)
\openout1 = `verteilte-systeme.aux'.

LaTeX Font Info:    Checking defaults for OML/cmm/m/it on input line 13.
LaTeX Font Info:    ... okay on input line 13.
LaTeX Font Info:    Checking defaults for T1/cmr/m/n on input line 13.
LaTeX Font Info:    ... okay on input line 13.
LaTeX Font Info:    Checking defaults for OT1/cmr/m/n on input line 13.
LaTeX Font Info:    ... okay on input line 13.
LaTeX Font Info:    Checking defaults for OMS/cmsy/m/n on input line 13.
LaTeX Font Info:    ... okay on input line 13.
LaTeX Font Info:    Checking defaults for OMX/cmex/m/n on input line 13.
LaTeX Font Info:    ... okay on input line 13.
LaTeX Font Info:    Checking defaults for U/cmr/m/n on input line 13.
LaTeX Font Info:    ... okay on input line 13.
LaTeX Font Info:    Checking defaults for PD1/pdf/m/n on input line 13.
LaTeX Font Info:    ... okay on input line 13.
 (/usr/local/share/texmf-dist/tex/context/base/supp-pdf.tex
(/usr/local/share/texmf-dist/tex/context/base/supp-mis.tex
loading : Context Support Macros / Miscellaneous (2004.10.26)
\protectiondepth=\count96
\scratchcounter=\count97
\scratchtoks=\toks17
\scratchdimen=\dimen109
\scratchskip=\skip47
\scratchmuskip=\muskip11
\scratchbox=\box28
\scratchread=\read1
\scratchwrite=\write4
\zeropoint=\dimen110
\onepoint=\dimen111
\onebasepoint=\dimen112
\minusone=\count98
\thousandpoint=\dimen113
\onerealpoint=\dimen114
\emptytoks=\toks18
\nextbox=\box29
\nextdepth=\dimen115
\everyline=\toks19
\!!counta=\count99
\!!countb=\count100
\recursecounter=\count101
)
loading : Context Support Macros / PDF (2004.03.26)
\nofMPsegments=\count102
\nofMParguments=\count103
\MPscratchCnt=\count104
\MPscratchDim=\dimen116
\MPnumerator=\count105
\everyMPtoPDFconversion=\toks20
)
Package hyperref Info: Link coloring OFF on input line 13.
 (/usr/local/share/texmf-dist/tex/latex/hyperref/nameref.sty
Package: nameref 2003/12/03 v2.21 Cross-referencing by name of section
\c@section@level=\count106
)
LaTeX Info: Redefining \ref on input line 13.
LaTeX Info: Redefining \pageref on input line 13.

(/usr/home/buetow/svn/studium-privat/Diplomarbeit/docs/VS2007/verteilte-systeme
.out)
(/usr/home/buetow/svn/studium-privat/Diplomarbeit/docs/VS2007/verteilte-systeme
.out)
\openout3 = `verteilte-systeme.out'.

LaTeX Font Info:    External font `cmex10' loaded for size
(Font)              <14.4> on input line 18.
LaTeX Font Info:    External font `cmex10' loaded for size
(Font)              <7> on input line 18.
 [1


{/usr/local/share/texmf-var/fonts/map/pdftex/updmap/pdftex.map}]
(/usr/home/buetow/svn/studium-privat/Diplomarbeit/docs/VS2007/verteilte-systeme
.toc
LaTeX Font Info:    External font `cmex10' loaded for size
(Font)              <10.95> on input line 2.
LaTeX Font Info:    External font `cmex10' loaded for size
(Font)              <8> on input line 2.
LaTeX Font Info:    External font `cmex10' loaded for size
(Font)              <6> on input line 2.
 [2

] [3])
\tf@toc=\write5
\openout5 = `verteilte-systeme.toc'.

 [4]
Kapitel 1.

Underfull \hbox (badness 10000) in paragraph at lines 41--42

 []

LaTeX Font Info:    Try loading font information for OMS+cmr on input line 48.
(/usr/local/share/texmf-dist/tex/latex/base/omscmr.fd
File: omscmr.fd 1999/05/25 v2.5h Standard LaTeX font definitions
)
LaTeX Font Info:    Font shape `OMS/cmr/m/n' in size <10.95> not available
(Font)              Font shape `OMS/cmsy/m/n' tried instead on input line 48.
 [5

]
Kapitel 2.

Underfull \hbox (badness 10000) in paragraph at lines 80--84

 []

[6

]
Underfull \hbox (badness 10000) in paragraph at lines 96--99

 []


Underfull \hbox (badness 10000) in paragraph at lines 117--121

 []

[7]
Underfull \hbox (badness 10000) in paragraph at lines 128--131

 []

<vs1.png, id=576, 426.59375pt x 173.64874pt>
File: vs1.png Graphic file (type png)
 <use vs1.png>
<vs3.png, id=577, 442.65375pt x 263.98625pt>
File: vs3.png Graphic file (type png)
 <use vs3.png>
Underfull \hbox (badness 10000) in paragraph at lines 138--147

 []

[8 </usr/home/buetow/svn/studium-privat/Diplomarbeit/docs/VS2007/vs1.png> </usr
/home/buetow/svn/studium-privat/Diplomarbeit/docs/VS2007/vs3.png>]
<vs4.png, id=585, 143.53625pt x 116.435pt>
File: vs4.png Graphic file (type png)
 <use vs4.png>
Overfull \hbox (6.60495pt too wide) in paragraph at lines 169--178
\OT1/cmr/m/n/10.95 Wesentliches Hilfs-mit-tel zur Im-ple-men-ta-ti-on he-te-ro-
ge-ner Sy-ste-me: Einf[]uhrung ei-ner Midd-
 []


Overfull \hbox (13.96571pt too wide) in paragraph at lines 169--178
\OT1/cmr/m/n/10.95 le-wa-re. Midd-le-wa-re ist ei-ne Soft-wa-re-schicht, die ei
-ne Pro-gram-mier-ab-strak-ti-on zur Verf[]ugung
 []

[9 </usr/home/buetow/svn/studium-privat/Diplomarbeit/docs/VS2007/vs4.png>]
Underfull \hbox (badness 10000) in paragraph at lines 193--198

 []


Underfull \hbox (badness 10000) in paragraph at lines 193--198

 []


Underfull \hbox (badness 10000) in paragraph at lines 203--208

 []


Underfull \hbox (badness 10000) in paragraph at lines 203--208

 []

[10]
Underfull \hbox (badness 10000) in paragraph at lines 222--225

 []

<vs5.png, id=598, 212.795pt x 284.06125pt>
File: vs5.png Graphic file (type png)
 <use vs5.png>
Overfull \hbox (10.84805pt too wide) in paragraph at lines 242--252
\OT1/cmr/m/n/10.95 ``Gleichzeitige'' Be-nut-zung von ei-ner Res-sour-ce durch m
eh-re-re Be-nut-zer. Oh-ne Ne-benl[]aufig-
 []


Underfull \hbox (badness 10000) in paragraph at lines 242--252

 []

[11 </usr/home/buetow/svn/studium-privat/Diplomarbeit/docs/VS2007/vs5.png>]
Overfull \hbox (6.11275pt too wide) in paragraph at lines 260--261
[]\OT1/cmr/bx/n/10.95 Replikationstransparenz: \OT1/cmr/m/n/10.95 Man ar-bei-te
t mit Re-pli-ken (Ko-pi-en) oh-ne Be-ein-tr[]achti-
 []

[12] <vs6.png, id=613, 308.15125pt x 204.765pt>
File: vs6.png Graphic file (type png)
 <use vs6.png>
Underfull \hbox (badness 10000) in paragraph at lines 295--302

 []


Underfull \hbox (badness 10000) in paragraph at lines 295--302

 []


Underfull \hbox (badness 10000) in paragraph at lines 295--302

 []

[13 </usr/home/buetow/svn/studium-privat/Diplomarbeit/docs/VS2007/vs6.png>]
Underfull \hbox (badness 10000) in paragraph at lines 333--344

 []


Underfull \hbox (badness 10000) in paragraph at lines 333--344

 []


Underfull \hbox (badness 10000) in paragraph at lines 333--344

 []


Underfull \hbox (badness 10000) in paragraph at lines 333--344

 []


Underfull \hbox (badness 10000) in paragraph at lines 333--344

 []

[14]
Underfull \hbox (badness 10000) in paragraph at lines 345--348

 []


Underfull \hbox (badness 10000) in paragraph at lines 348--351

 []

<gps.png, id=623, 450.68375pt x 295.1025pt>
File: gps.png Graphic file (type png)
 <use gps.png>
Underfull \hbox (badness 10000) in paragraph at lines 360--368

 []


Underfull \hbox (badness 10000) in paragraph at lines 360--368

 []


Underfull \hbox (badness 10000) in paragraph at lines 360--368

 []


Underfull \hbox (badness 10000) in paragraph at lines 360--368

 []


Underfull \hbox (badness 10000) in paragraph at lines 368--373

 []


Underfull \hbox (badness 10000) in paragraph at lines 368--373

 []

[15]
Underfull \hbox (badness 10000) in paragraph at lines 381--394

 []


Underfull \hbox (badness 10000) in paragraph at lines 381--394

 []


Underfull \hbox (badness 10000) in paragraph at lines 381--394

 []


Underfull \hbox (badness 10000) in paragraph at lines 381--394

 []


Underfull \hbox (badness 10000) in paragraph at lines 381--394

 []


Underfull \hbox (badness 10000) in paragraph at lines 381--394

 []

[16 </usr/home/buetow/svn/studium-privat/Diplomarbeit/docs/VS2007/gps.png>]
Underfull \hbox (badness 10000) in paragraph at lines 395--400

 []


Underfull \hbox (badness 10000) in paragraph at lines 395--400

 []


Underfull \hbox (badness 10000) in paragraph at lines 405--408

 []


Underfull \hbox (badness 10000) in paragraph at lines 405--408

 []

<vs7.png, id=649, 351.3125pt x 170.6375pt>
File: vs7.png Graphic file (type png)
 <use vs7.png>
Underfull \hbox (badness 10000) in paragraph at lines 414--423

 []


Underfull \hbox (badness 10000) in paragraph at lines 414--423

 []


Underfull \hbox (badness 10000) in paragraph at lines 414--423

 []


Underfull \hbox (badness 10000) in paragraph at lines 414--423

 []

[17 </usr/home/buetow/svn/studium-privat/Diplomarbeit/docs/VS2007/vs7.png>]
<vs8.png, id=656, 271.0125pt x 167.62625pt>
File: vs8.png Graphic file (type png)
 <use vs8.png>
<vs9.png, id=657, 302.12875pt x 156.585pt>
File: vs9.png Graphic file (type png)
 <use vs9.png>
Underfull \hbox (badness 10000) in paragraph at lines 432--449

 []


Underfull \hbox (badness 10000) in paragraph at lines 432--449

 []

[18 </usr/home/buetow/svn/studium-privat/Diplomarbeit/docs/VS2007/vs8.png>]
Underfull \hbox (badness 10000) in paragraph at lines 464--471

 []


Underfull \hbox (badness 10000) in paragraph at lines 464--471

 []


Underfull \hbox (badness 10000) in paragraph at lines 464--471

 []

[19 </usr/home/buetow/svn/studium-privat/Diplomarbeit/docs/VS2007/vs9.png>]
Underfull \hbox (badness 10000) in paragraph at lines 477--482

 []


Underfull \hbox (badness 10000) in paragraph at lines 477--482

 []


Underfull \hbox (badness 10000) in paragraph at lines 477--482

 []


Underfull \hbox (badness 10000) in paragraph at lines 483--492

 []


Underfull \hbox (badness 10000) in paragraph at lines 483--492

 []


Underfull \hbox (badness 10000) in paragraph at lines 483--492

 []


Underfull \hbox (badness 10000) in paragraph at lines 483--492

 []


Underfull \hbox (badness 10000) in paragraph at lines 497--498

 []

[20] <vs10.png, id=679, 355.3275pt x 159.59625pt>
File: vs10.png Graphic file (type png)
 <use vs10.png>
<vs11.png, id=680, 260.975pt x 80.3pt>
File: vs11.png Graphic file (type png)
 <use vs11.png>
<vs12.png, id=681, 282.05376pt x 158.5925pt>
File: vs12.png Graphic file (type png)
 <use vs12.png>
Underfull \hbox (badness 10000) in paragraph at lines 507--532

 []


Underfull \hbox (badness 10000) in paragraph at lines 507--532

 []


Underfull \hbox (badness 10000) in paragraph at lines 507--532

 []


Underfull \hbox (badness 10000) in paragraph at lines 507--532

 []


Underfull \hbox (badness 10000) in paragraph at lines 507--532

 []

[21 </usr/home/buetow/svn/studium-privat/Diplomarbeit/docs/VS2007/vs10.png> </u
sr/home/buetow/svn/studium-privat/Diplomarbeit/docs/VS2007/vs11.png> </usr/home
/buetow/svn/studium-privat/Diplomarbeit/docs/VS2007/vs12.png>]
<vs13.png, id=686, 585.18625pt x 161.60374pt>
File: vs13.png Graphic file (type png)
 <use vs13.png>
<vs14.png, id=687, 404.51125pt x 183.68625pt>
File: vs14.png Graphic file (type png)
 <use vs14.png>
Underfull \hbox (badness 10000) in paragraph at lines 544--559

 []


Underfull \hbox (badness 10000) in paragraph at lines 564--571

 []


Underfull \hbox (badness 10000) in paragraph at lines 564--571

 []

[22 </usr/home/buetow/svn/studium-privat/Diplomarbeit/docs/VS2007/vs13.png>]
<vs15.png, id=692, 413.545pt x 192.72pt>
File: vs15.png Graphic file (type png)
 <use vs15.png> [23 </usr/home/buetow/svn/studium-privat/Diplomarbeit/docs/VS20
07/vs14.png> </usr/home/buetow/svn/studium-privat/Diplomarbeit/docs/VS2007/vs15
.png>]
<vs16.png, id=697, 366.36874pt x 162.6075pt>
File: vs16.png Graphic file (type png)
 <use vs16.png>
<vs16b.png, id=698, 355.3275pt x 186.6975pt>
File: vs16b.png Graphic file (type png)
 <use vs16b.png>
Underfull \hbox (badness 10000) in paragraph at lines 586--601

 []


Underfull \hbox (badness 10000) in paragraph at lines 586--601

 []


Underfull \hbox (badness 10000) in paragraph at lines 586--601

 []


Underfull \hbox (badness 10000) in paragraph at lines 602--605

 []

[24 </usr/home/buetow/svn/studium-privat/Diplomarbeit/docs/VS2007/vs16.png> </u
sr/home/buetow/svn/studium-privat/Diplomarbeit/docs/VS2007/vs16b.png>]
<vs17.png, id=707, 326.21875pt x 155.58125pt>
File: vs17.png Graphic file (type png)
 <use vs17.png>
<vs17b.png, id=708, 326.21875pt x 100.375pt>
File: vs17b.png Graphic file (type png)
 <use vs17b.png>
<vs18.png, id=709, 325.215pt x 179.67125pt>
File: vs18.png Graphic file (type png)
 <use vs18.png>
Underfull \hbox (badness 10000) in paragraph at lines 605--632

 []


Underfull \hbox (badness 10000) in paragraph at lines 605--632

 []


Underfull \hbox (badness 10000) in paragraph at lines 605--632

 []

[25 </usr/home/buetow/svn/studium-privat/Diplomarbeit/docs/VS2007/vs17.png> </u
sr/home/buetow/svn/studium-privat/Diplomarbeit/docs/VS2007/vs17b.png>]
<vs19.png, id=716, 369.38pt x 186.6975pt>
File: vs19.png Graphic file (type png)
 <use vs19.png> [26 </usr/home/buetow/svn/studium-privat/Diplomarbeit/docs/VS20
07/vs18.png> </usr/home/buetow/svn/studium-privat/Diplomarbeit/docs/VS2007/vs19
.png>]
Underfull \hbox (badness 10000) in paragraph at lines 659--665

 []


Underfull \hbox (badness 10000) in paragraph at lines 659--665

 []


Underfull \hbox (badness 10000) in paragraph at lines 667--670

 []

<vs20.png, id=721, 405.515pt x 233.87375pt>
File: vs20.png Graphic file (type png)
 <use vs20.png>
<vs21.png, id=722, 317.185pt x 79.29625pt>
File: vs21.png Graphic file (type png)
 <use vs21.png>
Underfull \hbox (badness 10000) in paragraph at lines 677--702

 []


Underfull \hbox (badness 10000) in paragraph at lines 677--702

 []


Overfull \hbox (5.6317pt too wide) in paragraph at lines 677--702
\OT1/cmr/m/n/10.95 Prozesse war-ten (pas-siv) auf Ak-ti-vie-rung (d.h. Zu-sen-d
ung ei-nes Ar-beit-s-pa-ke-tes). W[]ahrend
 []


Underfull \hbox (badness 10000) in paragraph at lines 677--702

 []


Underfull \hbox (badness 10000) in paragraph at lines 677--702

 []


Underfull \hbox (badness 10000) in paragraph at lines 677--702

 []


Underfull \hbox (badness 10000) in paragraph at lines 677--702

 []

[27] [28 </usr/home/buetow/svn/studium-privat/Diplomarbeit/docs/VS2007/vs20.png
> </usr/home/buetow/svn/studium-privat/Diplomarbeit/docs/VS2007/vs21.png>]
[29] <vs22.png, id=739, 372.39125pt x 149.55875pt>
File: vs22.png Graphic file (type png)
 <use vs22.png>
<vs23.png, id=740, 372.39125pt x 186.6975pt>
File: vs23.png Graphic file (type png)
 <use vs23.png>
Underfull \hbox (badness 10000) in paragraph at lines 715--748

 []


Underfull \hbox (badness 10000) in paragraph at lines 715--748

 []


Underfull \hbox (badness 10000) in paragraph at lines 715--748

 []


Underfull \hbox (badness 10000) in paragraph at lines 715--748

 []


Underfull \hbox (badness 10000) in paragraph at lines 715--748

 []


Underfull \hbox (badness 10000) in paragraph at lines 715--748

 []


Underfull \hbox (badness 10000) in paragraph at lines 715--748

 []


Underfull \hbox (badness 10000) in paragraph at lines 715--748

 []


Underfull \hbox (badness 10000) in paragraph at lines 715--748

 []


Underfull \hbox (badness 10000) in paragraph at lines 715--748

 []


Underfull \hbox (badness 10000) in paragraph at lines 749--754

 []


Underfull \hbox (badness 10000) in paragraph at lines 749--754

 []


Underfull \hbox (badness 10000) in paragraph at lines 749--754

 []

[30 </usr/home/buetow/svn/studium-privat/Diplomarbeit/docs/VS2007/vs22.png>]
<vs24.png, id=746, 405.515pt x 207.77625pt>
File: vs24.png Graphic file (type png)
 <use vs24.png>
Underfull \hbox (badness 10000) in paragraph at lines 755--765

 []


Underfull \hbox (badness 10000) in paragraph at lines 755--765

 []

[31 </usr/home/buetow/svn/studium-privat/Diplomarbeit/docs/VS2007/vs23.png> </u
sr/home/buetow/svn/studium-privat/Diplomarbeit/docs/VS2007/vs24.png>]
<vs25.png, id=752, 180.675pt x 119.44624pt>
File: vs25.png Graphic file (type png)
 <use vs25.png>
<vs25b.png, id=753, 432.61626pt x 114.4275pt>
File: vs25b.png Graphic file (type png)
 <use vs25b.png>
Underfull \hbox (badness 10000) in paragraph at lines 773--805

 []


Underfull \hbox (badness 10000) in paragraph at lines 773--805

 []


Underfull \hbox (badness 10000) in paragraph at lines 773--805

 []


Underfull \hbox (badness 10000) in paragraph at lines 773--805

 []


Underfull \hbox (badness 10000) in paragraph at lines 773--805

 []


Underfull \hbox (badness 10000) in paragraph at lines 773--805

 []


Underfull \hbox (badness 10000) in paragraph at lines 773--805

 []


Underfull \hbox (badness 10000) in paragraph at lines 773--805

 []


Underfull \hbox (badness 10000) in paragraph at lines 773--805

 []


Underfull \hbox (badness 10000) in paragraph at lines 773--805

 []

[32 </usr/home/buetow/svn/studium-privat/Diplomarbeit/docs/VS2007/vs25.png> </u
sr/home/buetow/svn/studium-privat/Diplomarbeit/docs/VS2007/vs25b.png>]
<vs26.png, id=758, 264.99pt x 129.48375pt>
File: vs26.png Graphic file (type png)
 <use vs26.png> [33 </usr/home/buetow/svn/studium-privat/Diplomarbeit/docs/VS20
07/vs26.png>]
<vs27.png, id=763, 264.99pt x 127.47626pt>
File: vs27.png Graphic file (type png)
 <use vs27.png>
<vs28.png, id=764, 264.99pt x 127.47626pt>
File: vs28.png Graphic file (type png)
 <use vs28.png>
<vs29.png, id=765, 264.99pt x 127.47626pt>
File: vs29.png Graphic file (type png)
 <use vs29.png> [34 </usr/home/buetow/svn/studium-privat/Diplomarbeit/docs/VS20
07/vs27.png> </usr/home/buetow/svn/studium-privat/Diplomarbeit/docs/VS2007/vs28
.png> </usr/home/buetow/svn/studium-privat/Diplomarbeit/docs/VS2007/vs29.png>]
Underfull \hbox (badness 10000) in paragraph at lines 859--862

 []


Underfull \hbox (badness 10000) in paragraph at lines 880--883

 []

[35]
Underfull \hbox (badness 10000) in paragraph at lines 898--901

 []

[36]
Underfull \hbox (badness 10000) in paragraph at lines 906--911

 []


Underfull \hbox (badness 10000) in paragraph at lines 906--911

 []


Underfull \hbox (badness 10000) in paragraph at lines 917--961

 []


Underfull \hbox (badness 10000) in paragraph at lines 917--961

 []


Underfull \hbox (badness 10000) in paragraph at lines 917--961

 []


Underfull \hbox (badness 10000) in paragraph at lines 917--961

 []


Underfull \hbox (badness 10000) in paragraph at lines 917--961

 []


Underfull \hbox (badness 10000) in paragraph at lines 917--961

 []


Underfull \hbox (badness 10000) in paragraph at lines 917--961

 []


Underfull \hbox (badness 10000) in paragraph at lines 917--961

 []


Underfull \hbox (badness 10000) in paragraph at lines 917--961

 []


Underfull \hbox (badness 10000) in paragraph at lines 917--961

 []


Underfull \hbox (badness 10000) in paragraph at lines 917--961

 []


Underfull \hbox (badness 10000) in paragraph at lines 917--961

 []


Underfull \hbox (badness 10000) in paragraph at lines 917--961

 []


Underfull \hbox (badness 10000) in paragraph at lines 917--961

 []


Underfull \hbox (badness 10000) in paragraph at lines 917--961

 []

[37]
Underfull \hbox (badness 10000) in paragraph at lines 969--972

 []

[38]
Underfull \hbox (badness 10000) in paragraph at lines 977--980

 []


Underfull \hbox (badness 10000) in paragraph at lines 993--998

 []


Underfull \hbox (badness 10000) in paragraph at lines 993--998

 []

[39]
Underfull \hbox (badness 10000) in paragraph at lines 1005--1008

 []

<vs31.png, id=804, 300.12125pt x 105.39375pt>
File: vs31.png Graphic file (type png)
 <use vs31.png>
Underfull \hbox (badness 10000) in paragraph at lines 1016--1025

 []


Underfull \hbox (badness 10000) in paragraph at lines 1016--1025

 []


Underfull \hbox (badness 10000) in paragraph at lines 1016--1025

 []


Underfull \hbox (badness 10000) in paragraph at lines 1025--1028

 []

[40 </usr/home/buetow/svn/studium-privat/Diplomarbeit/docs/VS2007/vs31.png>]
<vs32.png, id=811, 375.4025pt x 179.67125pt>
File: vs32.png Graphic file (type png)
 <use vs32.png>
<vs33.png, id=812, 348.30125pt x 134.5025pt>
File: vs33.png Graphic file (type png)
 <use vs33.png>
Underfull \hbox (badness 10000) in paragraph at lines 1035--1052

 []


Underfull \hbox (badness 10000) in paragraph at lines 1035--1052

 []

[41 </usr/home/buetow/svn/studium-privat/Diplomarbeit/docs/VS2007/vs32.png> </u
sr/home/buetow/svn/studium-privat/Diplomarbeit/docs/VS2007/vs33.png>]
Underfull \hbox (badness 10000) in paragraph at lines 1063--1066

 []

<vs34.png, id=817, 333.245pt x 86.3225pt>
File: vs34.png Graphic file (type png)
 <use vs34.png>
Underfull \hbox (badness 10000) in paragraph at lines 1074--1083

 []


Underfull \hbox (badness 10000) in paragraph at lines 1074--1083

 []


Underfull \hbox (badness 10000) in paragraph at lines 1074--1083

 []


Underfull \hbox (badness 10000) in paragraph at lines 1074--1083

 []

[42 </usr/home/buetow/svn/studium-privat/Diplomarbeit/docs/VS2007/vs34.png>]
Underfull \hbox (badness 10000) in paragraph at lines 1093--1096

 []


Underfull \hbox (badness 10000) in paragraph at lines 1100--1103

 []


Underfull \hbox (badness 10000) in paragraph at lines 1105--1108

 []

LaTeX Font Info:    Try loading font information for OMS+cmtt on input line 114
9.
LaTeX Font Info:    No file OMScmtt.fd. on input line 1149.

LaTeX Font Warning: Font shape `OMS/cmtt/m/n' undefined
(Font)              using `OMS/cmsy/m/n' instead
(Font)              for symbol `textbraceleft' on input line 1149.


Underfull \hbox (badness 10000) in paragraph at lines 1109--1158

 []


Underfull \hbox (badness 10000) in paragraph at lines 1109--1158

 []


Underfull \hbox (badness 10000) in paragraph at lines 1109--1158

 []


Underfull \hbox (badness 10000) in paragraph at lines 1109--1158

 []


Underfull \hbox (badness 10000) in paragraph at lines 1109--1158

 []


Underfull \hbox (badness 10000) in paragraph at lines 1109--1158

 []


Underfull \hbox (badness 10000) in paragraph at lines 1109--1158

 []


Underfull \hbox (badness 10000) in paragraph at lines 1109--1158

 []


Underfull \hbox (badness 10000) in paragraph at lines 1109--1158

 []


Underfull \hbox (badness 10000) in paragraph at lines 1109--1158

 []


Underfull \hbox (badness 10000) in paragraph at lines 1109--1158

 []


Underfull \hbox (badness 10000) in paragraph at lines 1109--1158

 []

[43] [44]
Underfull \hbox (badness 10000) in paragraph at lines 1159--1164

 []


Underfull \hbox (badness 10000) in paragraph at lines 1159--1164

 []


Underfull \hbox (badness 10000) in paragraph at lines 1164--1169

 []


Underfull \hbox (badness 10000) in paragraph at lines 1164--1169

 []


Overfull \hbox (3.67822pt too wide) in paragraph at lines 1170--1202
\OT1/cmr/m/n/10.95 ten-ty-pen fest-ge-legt sind, son-dern auch die ``Pa-ra-me-t
er'' und ``Er-geb-nis-se'' \OT1/cmr/m/it/10.95 (In Anf[]uhrungs-
 []


Underfull \hbox (badness 10000) in paragraph at lines 1170--1202

 []


Underfull \hbox (badness 10000) in paragraph at lines 1170--1202

 []


Underfull \hbox (badness 10000) in paragraph at lines 1170--1202

 []


Underfull \hbox (badness 10000) in paragraph at lines 1170--1202

 []


Underfull \hbox (badness 10000) in paragraph at lines 1170--1202

 []


Underfull \hbox (badness 10000) in paragraph at lines 1170--1202

 []


Underfull \hbox (badness 10000) in paragraph at lines 1170--1202

 []


Underfull \hbox (badness 10000) in paragraph at lines 1170--1202

 []


Overfull \hbox (48.29416pt too wide) in paragraph at lines 1170--1202
[] 
 []

[45]
Underfull \hbox (badness 10000) in paragraph at lines 1227--1236

 []


Underfull \hbox (badness 10000) in paragraph at lines 1227--1236

 []


Underfull \hbox (badness 10000) in paragraph at lines 1227--1236

 []


Underfull \hbox (badness 10000) in paragraph at lines 1227--1236

 []

[46]
Underfull \hbox (badness 10000) in paragraph at lines 1238--1245

 []


Underfull \hbox (badness 10000) in paragraph at lines 1238--1245

 []


Underfull \hbox (badness 10000) in paragraph at lines 1238--1245

 []

[47]
Underfull \hbox (badness 10000) in paragraph at lines 1282--1285

 []

[48]
Underfull \hbox (badness 10000) in paragraph at lines 1292--1295

 []


Underfull \hbox (badness 10000) in paragraph at lines 1295--1298

 []


Underfull \hbox (badness 10000) in paragraph at lines 1298--1301

 []


Underfull \hbox (badness 10000) in paragraph at lines 1305--1308

 []


Underfull \hbox (badness 10000) in paragraph at lines 1308--1311

 []

[49]
Underfull \hbox (badness 10000) in paragraph at lines 1315--1318

 []


Underfull \hbox (badness 10000) in paragraph at lines 1327--1330

 []


Overfull \hbox (3.28453pt too wide) in paragraph at lines 1330--1333
[]\OT1/cmr/bx/n/10.95 Konsistenz: \OT1/cmr/m/n/10.95 Ei-ne For-de-rung k[]onn-t
e sein: Ein-Kopie-Aktualisierungssemantik: ``Al-
 []


Underfull \hbox (badness 10000) in paragraph at lines 1330--1333

 []

[50]
Overfull \hbox (17.34088pt too wide) in paragraph at lines 1341--1342
[]\OT1/cmr/m/n/10.95 Das Client-Modul stellt den Ap-pli-ka-tio-nen die []ubli-c
he Be-nut-zung (API) zur Verf[]ugung. 
 []


Underfull \hbox (badness 10000) in paragraph at lines 1343--1350

 []


Underfull \hbox (badness 10000) in paragraph at lines 1343--1350

 []


Underfull \hbox (badness 10000) in paragraph at lines 1343--1350

 []


Underfull \hbox (badness 10000) in paragraph at lines 1355--1358

 []

[51]
Underfull \hbox (badness 10000) in paragraph at lines 1372--1376

 []


Underfull \hbox (badness 10000) in paragraph at lines 1381--1384

 []

[52]
Underfull \hbox (badness 10000) in paragraph at lines 1398--1401

 []

[53]
Underfull \hbox (badness 10000) in paragraph at lines 1420--1492

 []


Underfull \hbox (badness 10000) in paragraph at lines 1420--1492

 []


Underfull \hbox (badness 10000) in paragraph at lines 1420--1492

 []


Overfull \hbox (0.64326pt too wide) in paragraph at lines 1420--1492
\OT1/cmr/m/n/10.95 Ausf[]uhrung wird als kor-rekt be-trach-tet, falls es ei-ne 
Hin-ter-ein-an-der-ausf[]uhrung der Trans-
 []


Underfull \hbox (badness 10000) in paragraph at lines 1420--1492

 []


Underfull \hbox (badness 10000) in paragraph at lines 1420--1492

 []


Underfull \hbox (badness 10000) in paragraph at lines 1420--1492

 []


Underfull \hbox (badness 10000) in paragraph at lines 1420--1492

 []


Underfull \hbox (badness 10000) in paragraph at lines 1420--1492

 []


Underfull \hbox (badness 10000) in paragraph at lines 1420--1492

 []


Underfull \hbox (badness 10000) in paragraph at lines 1420--1492

 []


Underfull \hbox (badness 10000) in paragraph at lines 1420--1492

 []


Underfull \hbox (badness 10000) in paragraph at lines 1420--1492

 []


Underfull \hbox (badness 10000) in paragraph at lines 1420--1492

 []


Underfull \hbox (badness 10000) in paragraph at lines 1420--1492

 []


Underfull \hbox (badness 10000) in paragraph at lines 1420--1492

 []


Underfull \hbox (badness 10000) in paragraph at lines 1420--1492

 []


Underfull \hbox (badness 10000) in paragraph at lines 1420--1492

 []


Underfull \hbox (badness 10000) in paragraph at lines 1420--1492

 []


Underfull \hbox (badness 10000) in paragraph at lines 1420--1492

 []


Underfull \hbox (badness 10000) in paragraph at lines 1420--1492

 []

[54] [55]
Underfull \hbox (badness 10000) in paragraph at lines 1497--1500

 []


Underfull \hbox (badness 10000) in paragraph at lines 1514--1517

 []


Underfull \hbox (badness 10000) in paragraph at lines 1521--1524

 []


Underfull \hbox (badness 10000) in paragraph at lines 1525--1528

 []

[56]
Underfull \hbox (badness 10000) in paragraph at lines 1538--1541

 []


Overfull \hbox (0.30757pt too wide) in paragraph at lines 1545--1546
[]\OT1/cmr/m/n/10.95 Der Ko-or-di-na-tor gibt dem Cli-ent ei-ne TID (Trans-ak-t
i-ons-i-den-ti-fi-ka-ti-on) zur[]uck
 []


Underfull \hbox (badness 10000) in paragraph at lines 1552--1555

 []


Overfull \hbox (18.802pt too wide) in paragraph at lines 1557--1558
[]\OT1/cmr/m/n/10.95 Eventuell gibt es schon vor-her ir-gend-ei-nen Teil-neh-me
r der ``ABORT-TRANSACTION''
 []

[57] <vsx01.png, id=893, 393.47pt x 199.74625pt>
File: vsx01.png Graphic file (type png)
 <use vsx01.png>
Underfull \hbox (badness 10000) in paragraph at lines 1574--1577

 []

[58 </usr/home/buetow/svn/studium-privat/Diplomarbeit/docs/VS2007/vsx01.png>]
Underfull \hbox (badness 10000) in paragraph at lines 1590--1593

 []


Underfull \hbox (badness 10000) in paragraph at lines 1606--1617

 []


Underfull \hbox (badness 10000) in paragraph at lines 1606--1617

 []


Underfull \hbox (badness 10000) in paragraph at lines 1606--1617

 []


Underfull \hbox (badness 10000) in paragraph at lines 1606--1617

 []


Underfull \hbox (badness 10000) in paragraph at lines 1606--1617

 []

[59]
Underfull \hbox (badness 10000) in paragraph at lines 1625--1628

 []


Underfull \hbox (badness 10000) in paragraph at lines 1632--1637

 []


Underfull \hbox (badness 10000) in paragraph at lines 1632--1637

 []

<vsx03.png, id=907, 371.3875pt x 190.7125pt>
File: vsx03.png Graphic file (type png)
 <use vsx03.png>
<vsx04.png, id=908, 376.40625pt x 199.74625pt>
File: vsx04.png Graphic file (type png)
 <use vsx04.png>
Underfull \hbox (badness 10000) in paragraph at lines 1639--1653

 []

[60] <vsx05.png, id=914, 306.14375pt x 120.45pt>
File: vsx05.png Graphic file (type png)
 <use vsx05.png>
Underfull \hbox (badness 10000) in paragraph at lines 1657--1670

 []


Underfull \hbox (badness 10000) in paragraph at lines 1657--1670

 []


Underfull \hbox (badness 10000) in paragraph at lines 1657--1670

 []

[61 </usr/home/buetow/svn/studium-privat/Diplomarbeit/docs/VS2007/vsx03.png> </
usr/home/buetow/svn/studium-privat/Diplomarbeit/docs/VS2007/vsx04.png>]
Underfull \hbox (badness 10000) in paragraph at lines 1678--1681

 []

[62 </usr/home/buetow/svn/studium-privat/Diplomarbeit/docs/VS2007/vsx05.png>]
Underfull \hbox (badness 10000) in paragraph at lines 1703--1706

 []

<vsx06.png, id=932, 391.4625pt x 264.99pt>
File: vsx06.png Graphic file (type png)
 <use vsx06.png> [63] [64 </usr/home/buetow/svn/studium-privat/Diplomarbeit/doc
s/VS2007/vsx06.png>]
Kapitel 3.
[65

] [66] <vsu3.png, id=961, 365.365pt x 289.08pt>
File: vsu3.png Graphic file (type png)
 <use vsu3.png> [67] [68 </usr/home/buetow/svn/studium-privat/Diplomarbeit/docs
/VS2007/vsu3.png>] [69]
Underfull \hbox (badness 10000) in paragraph at lines 1909--1912

 []

[70] <vsu4.png, id=1003, 395.4775pt x 253.94875pt>
File: vsu4.png Graphic file (type png)
 <use vsu4.png> [71 </usr/home/buetow/svn/studium-privat/Diplomarbeit/docs/VS20
07/vsu4.png>]
<vsu5.png, id=1011, 385.44pt x 94.3525pt>
File: vsu5.png Graphic file (type png)
 <use vsu5.png>
Underfull \hbox (badness 10000) in paragraph at lines 1958--1961

 []


Underfull \hbox (badness 10000) in paragraph at lines 1962--1965

 []

[72 </usr/home/buetow/svn/studium-privat/Diplomarbeit/docs/VS2007/vsu5.png>]
Underfull \hbox (badness 10000) in paragraph at lines 1965--1968

 []


Underfull \hbox (badness 10000) in paragraph at lines 1968--1971

 []


Underfull \hbox (badness 10000) in paragraph at lines 1981--1984

 []


Underfull \hbox (badness 10000) in paragraph at lines 1984--1987

 []

[73] [74]
Underfull \hbox (badness 10000) in paragraph at lines 2048--2060

 []


Underfull \hbox (badness 10000) in paragraph at lines 2048--2060

 []

<vsu6.png, id=1036, 295.1025pt x 151.56625pt>
File: vsu6.png Graphic file (type png)
 <use vsu6.png>
<vsu7.png, id=1037, 294.09875pt x 146.5475pt>
File: vsu7.png Graphic file (type png)
 <use vsu7.png>
Underfull \hbox (badness 10000) in paragraph at lines 2067--2082

 []


Underfull \hbox (badness 10000) in paragraph at lines 2067--2082

 []


Underfull \hbox (badness 10000) in paragraph at lines 2067--2082

 []


Underfull \hbox (badness 10000) in paragraph at lines 2067--2082

 []

[75] [76 </usr/home/buetow/svn/studium-privat/Diplomarbeit/docs/VS2007/vsu6.png
> </usr/home/buetow/svn/studium-privat/Diplomarbeit/docs/VS2007/vsu7.png>]
<vsu8.png, id=1052, 360.34625pt x 222.8325pt>
File: vsu8.png Graphic file (type png)
 <use vsu8.png>
<vsu9.png, id=1053, 366.36874pt x 222.8325pt>
File: vsu9.png Graphic file (type png)
 <use vsu9.png> [77 </usr/home/buetow/svn/studium-privat/Diplomarbeit/docs/VS20
07/vsu8.png>]
<vsu3a1.png, id=1062, 325.215pt x 107.40125pt>
File: vsu3a1.png Graphic file (type png)
 <use vsu3a1.png> [78 </usr/home/buetow/svn/studium-privat/Diplomarbeit/docs/VS
2007/vsu9.png> </usr/home/buetow/svn/studium-privat/Diplomarbeit/docs/VS2007/vs
u3a1.png>]
<vsu3a1b.png, id=1071, 347.2975pt x 139.52126pt>
File: vsu3a1b.png Graphic file (type png)
 <use vsu3a1b.png>
Underfull \hbox (badness 10000) in paragraph at lines 2132--2142

 []


Underfull \hbox (badness 10000) in paragraph at lines 2132--2142

 []


Underfull \hbox (badness 10000) in paragraph at lines 2143--2152

 []


Underfull \hbox (badness 10000) in paragraph at lines 2159--2166

 []


Underfull \hbox (badness 10000) in paragraph at lines 2159--2166

 []


Underfull \hbox (badness 10000) in paragraph at lines 2159--2166

 []

[79 </usr/home/buetow/svn/studium-privat/Diplomarbeit/docs/VS2007/vsu3a1b.png>]
<vsu3a2.png, id=1082, 379.4175pt x 108.405pt>
File: vsu3a2.png Graphic file (type png)
 <use vsu3a2.png>
<vsu3a2b.png, id=1083, 415.5525pt x 135.50626pt>
File: vsu3a2b.png Graphic file (type png)
 <use vsu3a2b.png>
Underfull \hbox (badness 10000) in paragraph at lines 2190--2198

 []

[80]
Underfull \hbox (badness 10000) in paragraph at lines 2200--2207

 []


Underfull \hbox (badness 10000) in paragraph at lines 2200--2207

 []


Underfull \hbox (badness 10000) in paragraph at lines 2200--2207

 []


Underfull \hbox (badness 10000) in paragraph at lines 2207--2216

 []


Underfull \hbox (badness 10000) in paragraph at lines 2207--2216

 []


Underfull \hbox (badness 10000) in paragraph at lines 2222--2227

 []


Underfull \hbox (badness 10000) in paragraph at lines 2222--2227

 []

[81 </usr/home/buetow/svn/studium-privat/Diplomarbeit/docs/VS2007/vsu3a2.png> <
/usr/home/buetow/svn/studium-privat/Diplomarbeit/docs/VS2007/vsu3a2b.png>]
<vsu3a3.png, id=1108, 362.35374pt x 107.40125pt>
File: vsu3a3.png Graphic file (type png)
 <use vsu3a3.png>
<vsu3a3b.png, id=1109, 362.35374pt x 162.6075pt>
File: vsu3a3b.png Graphic file (type png)
 <use vsu3a3b.png>
Underfull \hbox (badness 10000) in paragraph at lines 2229--2250

 []


Underfull \hbox (badness 10000) in paragraph at lines 2229--2250

 []


Underfull \hbox (badness 10000) in paragraph at lines 2229--2250

 []


Underfull \hbox (badness 10000) in paragraph at lines 2229--2250

 []

[82 </usr/home/buetow/svn/studium-privat/Diplomarbeit/docs/VS2007/vsu3a3.png> <
/usr/home/buetow/svn/studium-privat/Diplomarbeit/docs/VS2007/vsu3a3b.png>]
Underfull \hbox (badness 10000) in paragraph at lines 2256--2259

 []

<vsu3a4.png, id=1115, 260.975pt x 127.47626pt>
File: vsu3a4.png Graphic file (type png)
 <use vsu3a4.png>
<vsu3a4b.png, id=1116, 260.975pt x 129.48375pt>
File: vsu3a4b.png Graphic file (type png)
 <use vsu3a4b.png>
Underfull \hbox (badness 10000) in paragraph at lines 2264--2282

 []


Underfull \hbox (badness 10000) in paragraph at lines 2264--2282

 []

[83 </usr/home/buetow/svn/studium-privat/Diplomarbeit/docs/VS2007/vsu3a4.png>]
Underfull \hbox (badness 10000) in paragraph at lines 2298--2367

 []


Underfull \hbox (badness 10000) in paragraph at lines 2298--2367

 []


Underfull \hbox (badness 10000) in paragraph at lines 2298--2367

 []


Underfull \hbox (badness 10000) in paragraph at lines 2298--2367

 []


Underfull \hbox (badness 10000) in paragraph at lines 2298--2367

 []


Underfull \hbox (badness 10000) in paragraph at lines 2298--2367

 []


Underfull \hbox (badness 10000) in paragraph at lines 2298--2367

 []


Underfull \hbox (badness 10000) in paragraph at lines 2298--2367

 []


Underfull \hbox (badness 10000) in paragraph at lines 2298--2367

 []


Underfull \hbox (badness 10000) in paragraph at lines 2298--2367

 []


Underfull \hbox (badness 10000) in paragraph at lines 2298--2367

 []


Underfull \hbox (badness 10000) in paragraph at lines 2298--2367

 []


Underfull \hbox (badness 10000) in paragraph at lines 2298--2367

 []


Underfull \hbox (badness 10000) in paragraph at lines 2298--2367

 []


Underfull \hbox (badness 10000) in paragraph at lines 2298--2367

 []


Underfull \hbox (badness 10000) in paragraph at lines 2298--2367

 []


Underfull \hbox (badness 10000) in paragraph at lines 2298--2367

 []


Underfull \hbox (badness 10000) in paragraph at lines 2298--2367

 []


Overfull \hbox (1.19402pt too wide) in paragraph at lines 2298--2367
\OT1/cmr/m/it/10.95 Wenn man Teil-neh-mer 13 raus-neh-men w[]urde, dann g[]abe 
es kein Pro-blem. \OT1/cmr/m/n/10.95 Falls 5 abst[]urzt
 []

[84 </usr/home/buetow/svn/studium-privat/Diplomarbeit/docs/VS2007/vsu3a4b.png>]
[85] [86] <vsu4a2.png, id=1149, 253.94875pt x 209.78375pt>
File: vsu4a2.png Graphic file (type png)
 <use vsu4a2.png>
<vsu4a2b.png, id=1150, 370.38374pt x 222.8325pt>
File: vsu4a2b.png Graphic file (type png)
 <use vsu4a2b.png> [87 </usr/home/buetow/svn/studium-privat/Diplomarbeit/docs/V
S2007/vsu4a2.png>]
Underfull \hbox (badness 10000) in paragraph at lines 2429--2432

 []

[88 </usr/home/buetow/svn/studium-privat/Diplomarbeit/docs/VS2007/vsu4a2b.png>]
<vsu4a4.png, id=1171, 332.24126pt x 99.37125pt>
File: vsu4a4.png Graphic file (type png)
 <use vsu4a4.png>
Underfull \hbox (badness 10000) in paragraph at lines 2451--2458

 []


Underfull \hbox (badness 10000) in paragraph at lines 2451--2458

 []


Underfull \hbox (badness 10000) in paragraph at lines 2451--2458

 []


Underfull \hbox (badness 10000) in paragraph at lines 2465--2468

 []

[89 </usr/home/buetow/svn/studium-privat/Diplomarbeit/docs/VS2007/vsu4a4.png>]
Underfull \hbox (badness 10000) in paragraph at lines 2471--2474

 []


Underfull \hbox (badness 10000) in paragraph at lines 2485--2503

 []


Underfull \hbox (badness 10000) in paragraph at lines 2485--2503

 []


Underfull \hbox (badness 10000) in paragraph at lines 2485--2503

 []


Underfull \hbox (badness 10000) in paragraph at lines 2485--2503

 []


Underfull \hbox (badness 10000) in paragraph at lines 2485--2503

 []


Underfull \hbox (badness 10000) in paragraph at lines 2485--2503

 []


Underfull \hbox (badness 10000) in paragraph at lines 2485--2503

 []

[90] <vsu4a7.png, id=1186, 453.695pt x 163.61125pt>
File: vsu4a7.png Graphic file (type png)
 <use vsu4a7.png>
<vsu4a7b.png, id=1187, 455.7025pt x 170.6375pt>
File: vsu4a7b.png Graphic file (type png)
 <use vsu4a7b.png> [91]
Underfull \hbox (badness 10000) in paragraph at lines 2538--2541

 []

[92 </usr/home/buetow/svn/studium-privat/Diplomarbeit/docs/VS2007/vsu4a7.png> <
/usr/home/buetow/svn/studium-privat/Diplomarbeit/docs/VS2007/vsu4a7b.png>]
<vsu5a3.png, id=1205, 316.18124pt x 277.035pt>
File: vsu5a3.png Graphic file (type png)
 <use vsu5a3.png>
<vsu5a3b.png, id=1206, 407.5225pt x 282.05376pt>
File: vsu5a3b.png Graphic file (type png)
 <use vsu5a3b.png>
Underfull \hbox (badness 10000) in paragraph at lines 2560--2596

 []


Underfull \hbox (badness 10000) in paragraph at lines 2560--2596

 []


Underfull \hbox (badness 10000) in paragraph at lines 2560--2596

 []


Underfull \hbox (badness 10000) in paragraph at lines 2560--2596

 []

[93] [94 </usr/home/buetow/svn/studium-privat/Diplomarbeit/docs/VS2007/vsu5a3.p
ng>]
Overfull \hbox (5.81168pt too wide) in paragraph at lines 2600--2601
\OT1/cmr/m/n/10.95 Wie geht das ANDREW-FILE-SYSTEM (AFS) da-mit um, dass CALLBA
CK-Nachrichten
 []

[95 </usr/home/buetow/svn/studium-privat/Diplomarbeit/docs/VS2007/vsu5a3b.png>]

Overfull \hbox (1.89026pt too wide) in paragraph at lines 2613--2614
[]\OT1/cmr/m/n/10.95 Server-Caching: We-ni-ger Schreib/Lese-Vorg[]ange auf der 
Fest-plat-te, da-durch schnel-
 []


Underfull \hbox (badness 10000) in paragraph at lines 2635--2697

 []


Underfull \hbox (badness 10000) in paragraph at lines 2635--2697

 []


Underfull \hbox (badness 10000) in paragraph at lines 2635--2697

 []


Underfull \hbox (badness 10000) in paragraph at lines 2635--2697

 []


Underfull \hbox (badness 10000) in paragraph at lines 2635--2697

 []


Underfull \hbox (badness 10000) in paragraph at lines 2635--2697

 []


Underfull \hbox (badness 10000) in paragraph at lines 2635--2697

 []


Underfull \hbox (badness 10000) in paragraph at lines 2635--2697

 []


Underfull \hbox (badness 10000) in paragraph at lines 2635--2697

 []


Underfull \hbox (badness 10000) in paragraph at lines 2635--2697

 []


Underfull \hbox (badness 10000) in paragraph at lines 2635--2697

 []

[96]
Underfull \hbox (badness 10000) in paragraph at lines 2700--2703

 []

[97] [98]
Underfull \hbox (badness 10000) in paragraph at lines 2749--2759

 []


Underfull \hbox (badness 10000) in paragraph at lines 2771--2781

 []


Underfull \hbox (badness 10000) in paragraph at lines 2771--2781

 []


Underfull \hbox (badness 10000) in paragraph at lines 2771--2781

 []


Underfull \hbox (badness 10000) in paragraph at lines 2771--2781

 []

[99]
Underfull \hbox (badness 10000) in paragraph at lines 2782--2785

 []


Underfull \hbox (badness 10000) in paragraph at lines 2789--2792

 []

[100] <vsu8a2.png, id=1256, 242.9075pt x 151.56625pt>
File: vsu8a2.png Graphic file (type png)
 <use vsu8a2.png>
<vsu8a2b.png, id=1257, 367.3725pt x 229.85875pt>
File: vsu8a2b.png Graphic file (type png)
 <use vsu8a2b.png>
<vsu8a2c.png, id=1258, 395.4775pt x 232.87pt>
File: vsu8a2c.png Graphic file (type png)
 <use vsu8a2c.png>
<vsu8a2d.png, id=1259, 372.39125pt x 260.975pt>
File: vsu8a2d.png Graphic file (type png)
 <use vsu8a2d.png>
Underfull \hbox (badness 10000) in paragraph at lines 2800--2823

 []

[101 </usr/home/buetow/svn/studium-privat/Diplomarbeit/docs/VS2007/vsu8a2.png> 
</usr/home/buetow/svn/studium-privat/Diplomarbeit/docs/VS2007/vsu8a2b.png>]
[102 </usr/home/buetow/svn/studium-privat/Diplomarbeit/docs/VS2007/vsu8a2c.png>
 </usr/home/buetow/svn/studium-privat/Diplomarbeit/docs/VS2007/vsu8a2d.png>]
[103] <vsu8a3.png, id=1275, 367.3725pt x 210.7875pt>
File: vsu8a3.png Graphic file (type png)
 <use vsu8a3.png>
<vsu8a3c.png, id=1276, 367.3725pt x 120.45pt>
File: vsu8a3c.png Graphic file (type png)
 <use vsu8a3c.png>
Underfull \hbox (badness 10000) in paragraph at lines 2841--2856

 []

[104 </usr/home/buetow/svn/studium-privat/Diplomarbeit/docs/VS2007/vsu8a3.png>]
[105 </usr/home/buetow/svn/studium-privat/Diplomarbeit/docs/VS2007/vsu8a3c.png>
]
(/usr/home/buetow/svn/studium-privat/Diplomarbeit/docs/VS2007/verteilte-systeme
.aux)

LaTeX Font Warning: Some font shapes were not available, defaults substituted.

 ) 
Here is how much of TeX's memory you used:
 4304 strings out of 94500
 57958 string characters out of 1174972
 113463 words of memory out of 1000000
 6958 multiletter control sequences out of 10000+100000
 11049 words of font info for 39 fonts, out of 500000 for 2000
 580 hyphenation exceptions out of 1000
 30i,8n,36p,731b,344s stack positions out of 1500i,500n,5000p,200000b,5000s
PDF statistics:
 1286 PDF objects out of 300000
 417 named destinations out of 131072
 1186 words of extra memory for PDF output out of 65536
</usr/local/share/texmf-dist/fonts/type1/bluesky/cm/cmr6.pfb></usr/local/shar
e/texmf-dist/fonts/type1/public/eurosym/feymr10.pfb></usr/local/share/texmf-dis
t/fonts/type1/bluesky/cm/cmmi6.pfb></usr/local/share/texmf-dist/fonts/type1/blu
esky/cm/cmsy6.pfb></usr/local/share/texmf-dist/fonts/type1/bluesky/cm/cmsy8.pfb
></usr/local/share/texmf-dist/fonts/type1/bluesky/cm/cmr8.pfb></usr/local/share
/texmf-dist/fonts/type1/bluesky/cm/cmmi8.pfb></usr/local/share/texmf-dist/fonts
/type1/bluesky/cm/cmbx10.pfb></usr/local/share/texmf-dist/fonts/type1/bluesky/c
m/cmmi10.pfb></usr/local/share/texmf-dist/fonts/type1/bluesky/cm/cmsy10.pfb></u
sr/local/share/texmf-dist/fonts/type1/bluesky/cm/cmtt10.pfb></usr/local/share/t
exmf-dist/fonts/type1/bluesky/cm/cmti10.pfb></usr/local/share/texmf-dist/fonts/
type1/bluesky/cm/cmsl10.pfb></usr/local/share/texmf-dist/fonts/type1/bluesky/cm
/cmr10.pfb></usr/local/share/texmf-dist/fonts/type1/bluesky/cm/cmr12.pfb></usr/
local/share/texmf-dist/fonts/type1/bluesky/cm/cmssbx10.pfb>
Output written on verteilte-systeme.pdf (105 pages, 677175 bytes).
