\BOOKMARK [0][-]{chapter.1}{Diverses}{}
\BOOKMARK [1][-]{section.1.1}{Ein bischen Blabla...}{chapter.1}
\BOOKMARK [2][-]{subsection.1.1.1}{Anmerkung zu den Grafiken}{section.1.1}
\BOOKMARK [2][-]{subsection.1.1.2}{Download URL}{section.1.1}
\BOOKMARK [2][-]{subsection.1.1.3}{Technische Informationen}{section.1.1}
\BOOKMARK [0][-]{chapter.2}{Vorlesung}{}
\BOOKMARK [1][-]{section.2.1}{\334berblick}{chapter.2}
\BOOKMARK [1][-]{section.2.2}{Literatur}{chapter.2}
\BOOKMARK [1][-]{section.2.3}{Grundeigenschaften}{chapter.2}
\BOOKMARK [1][-]{section.2.4}{Beispiele}{chapter.2}
\BOOKMARK [1][-]{section.2.5}{Motivation}{chapter.2}
\BOOKMARK [1][-]{section.2.6}{Beispiele f\374r gemeinsam genutzte Ressourcen}{chapter.2}
\BOOKMARK [1][-]{section.2.7}{Client Server Modell}{chapter.2}
\BOOKMARK [1][-]{section.2.8}{Ziele beim Design eines verteilten Systems}{chapter.2}
\BOOKMARK [2][-]{subsection.2.8.1}{Heterogenit\344t}{section.2.8}
\BOOKMARK [2][-]{subsection.2.8.2}{Offenheit}{section.2.8}
\BOOKMARK [2][-]{subsection.2.8.3}{Skalierbarkeit}{section.2.8}
\BOOKMARK [2][-]{subsection.2.8.4}{Behandlung von Fehlern}{section.2.8}
\BOOKMARK [2][-]{subsection.2.8.5}{Nebenl\344ufigkeit}{section.2.8}
\BOOKMARK [2][-]{subsection.2.8.6}{Transparenz}{section.2.8}
\BOOKMARK [1][-]{section.2.9}{Systemmodelle}{chapter.2}
\BOOKMARK [2][-]{subsection.2.9.1}{Beispiele f\374r architektonische Modelle}{section.2.9}
\BOOKMARK [1][-]{section.2.10}{Interaktionsmodelle}{chapter.2}
\BOOKMARK [2][-]{subsection.2.10.1}{Synchrones verteiltes System}{section.2.10}
\BOOKMARK [2][-]{subsection.2.10.2}{Asynchrones verteiltes System}{section.2.10}
\BOOKMARK [1][-]{section.2.11}{Zeit und globale Zust\344nde}{chapter.2}
\BOOKMARK [2][-]{subsection.2.11.1}{Einige Korrektheitsbegriffe f\374r Uhren}{section.2.11}
\BOOKMARK [1][-]{section.2.12}{Methoden zur Synchronisation}{chapter.2}
\BOOKMARK [2][-]{subsection.2.12.1}{Interne Synchronisation in einem synchronem System}{section.2.12}
\BOOKMARK [2][-]{subsection.2.12.2}{Christians Methode zur externen Synchronisation}{section.2.12}
\BOOKMARK [2][-]{subsection.2.12.3}{Berkeley Algorithmus zur internen Synchronisierung}{section.2.12}
\BOOKMARK [1][-]{section.2.13}{Logische Zeit und logische Uhren}{chapter.2}
\BOOKMARK [2][-]{subsection.2.13.1}{Logische Uhr von Lamport}{section.2.13}
\BOOKMARK [2][-]{subsection.2.13.2}{Vektor-Zeitstempel}{section.2.13}
\BOOKMARK [1][-]{section.2.14}{Globale Zust\344nde}{chapter.2}
\BOOKMARK [2][-]{subsection.2.14.1}{Konzepte zur ``Formalisierung''}{section.2.14}
\BOOKMARK [2][-]{subsection.2.14.2}{Auswertung von Pr\344dikaten in globalen Zust\344nden}{section.2.14}
\BOOKMARK [1][-]{section.2.15}{Koordination und \334bereinstimmung}{chapter.2}
\BOOKMARK [1][-]{section.2.16}{Fehlerdetektor}{chapter.2}
\BOOKMARK [2][-]{subsection.2.16.1}{Teilproblem}{section.2.16}
\BOOKMARK [1][-]{section.2.17}{Verteilte Objekte und entfernter Aufruf}{chapter.2}
\BOOKMARK [2][-]{subsection.2.17.1}{Teilproblem 1: Datentransport zwischen Client und Server}{section.2.17}
\BOOKMARK [2][-]{subsection.2.17.2}{Begriff der ``idempotenten Opertation''}{section.2.17}
\BOOKMARK [2][-]{subsection.2.17.3}{Das verteilte Objektmodell}{section.2.17}
\BOOKMARK [1][-]{section.2.18}{Verteilte Dateisysteme}{chapter.2}
\BOOKMARK [2][-]{subsection.2.18.1}{Eine Beispimplementation \(NFS\)}{section.2.18}
\BOOKMARK [2][-]{subsection.2.18.2}{Ein weiteres verteiltes Dateisystem \(AFS\)}{section.2.18}
\BOOKMARK [1][-]{section.2.19}{Transaktionen und Nebenl\344ufigkeitskontrolle}{chapter.2}
\BOOKMARK [2][-]{subsection.2.19.1}{Verteilte Transaktionen}{section.2.19}
\BOOKMARK [2][-]{subsection.2.19.2}{Commit-Protokolle}{section.2.19}
\BOOKMARK [2][-]{subsection.2.19.3}{Bemerkungen zur Nebenl\344ufigkeitsktontrolle bei Verteilten Systemen}{section.2.19}
\BOOKMARK [1][-]{section.2.20}{Replikation}{chapter.2}
\BOOKMARK [2][-]{subsection.2.20.1}{2 Arten Daten bzw. Dienste zu replizieren}{section.2.20}
\BOOKMARK [1][-]{section.2.21}{Namensdienste}{chapter.2}
\BOOKMARK [1][-]{section.2.22}{Verzeichnisdienste \(Directory Service, Yellow Pages\)}{chapter.2}
\BOOKMARK [0][-]{chapter.3}{\334bungen}{}
\BOOKMARK [1][-]{section.3.1}{\334bung 1}{chapter.3}
\BOOKMARK [2][-]{subsection.3.1.1}{Aufgabe 1}{section.3.1}
\BOOKMARK [2][-]{subsection.3.1.2}{Aufgabe 2}{section.3.1}
\BOOKMARK [2][-]{subsection.3.1.3}{Aufgabe 3}{section.3.1}
\BOOKMARK [2][-]{subsection.3.1.4}{Aufgabe 4}{section.3.1}
\BOOKMARK [2][-]{subsection.3.1.5}{Aufgabe 5}{section.3.1}
\BOOKMARK [2][-]{subsection.3.1.6}{Aufgabe 6}{section.3.1}
\BOOKMARK [2][-]{subsection.3.1.7}{Aufgabe 7}{section.3.1}
\BOOKMARK [2][-]{subsection.3.1.8}{Aufgabe 8}{section.3.1}
\BOOKMARK [2][-]{subsection.3.1.9}{Aufgabe 9}{section.3.1}
\BOOKMARK [1][-]{section.3.2}{\334bung 2}{chapter.3}
\BOOKMARK [2][-]{subsection.3.2.1}{Aufgabe 1}{section.3.2}
\BOOKMARK [2][-]{subsection.3.2.2}{Aufgabe 2}{section.3.2}
\BOOKMARK [2][-]{subsection.3.2.3}{Aufgabe 3}{section.3.2}
\BOOKMARK [2][-]{subsection.3.2.4}{Aufgabe 4}{section.3.2}
\BOOKMARK [2][-]{subsection.3.2.5}{Aufgabe 5}{section.3.2}
\BOOKMARK [2][-]{subsection.3.2.6}{Aufgabe 6}{section.3.2}
\BOOKMARK [2][-]{subsection.3.2.7}{Aufgabe 7}{section.3.2}
\BOOKMARK [2][-]{subsection.3.2.8}{Aufgabe 8}{section.3.2}
\BOOKMARK [1][-]{section.3.3}{\334bung 3}{chapter.3}
\BOOKMARK [2][-]{subsection.3.3.1}{Aufgabe 1}{section.3.3}
\BOOKMARK [2][-]{subsection.3.3.2}{Aufgabe 2}{section.3.3}
\BOOKMARK [2][-]{subsection.3.3.3}{Aufgabe 3}{section.3.3}
\BOOKMARK [2][-]{subsection.3.3.4}{Aufgabe 4}{section.3.3}
\BOOKMARK [1][-]{section.3.4}{\334bung 4}{chapter.3}
\BOOKMARK [2][-]{subsection.3.4.1}{Aufgabe 1}{section.3.4}
\BOOKMARK [2][-]{subsection.3.4.2}{Aufgabe 2}{section.3.4}
\BOOKMARK [2][-]{subsection.3.4.3}{Aufgabe 3}{section.3.4}
\BOOKMARK [2][-]{subsection.3.4.4}{Aufgabe 4}{section.3.4}
\BOOKMARK [2][-]{subsection.3.4.5}{Aufgabe 5}{section.3.4}
\BOOKMARK [2][-]{subsection.3.4.6}{Aufgabe 6}{section.3.4}
\BOOKMARK [2][-]{subsection.3.4.7}{Aufgabe 7}{section.3.4}
\BOOKMARK [1][-]{section.3.5}{\334bung 5}{chapter.3}
\BOOKMARK [2][-]{subsection.3.5.1}{Aufgabe 1}{section.3.5}
\BOOKMARK [2][-]{subsection.3.5.2}{Aufgabe 2}{section.3.5}
\BOOKMARK [2][-]{subsection.3.5.3}{Aufgabe 3}{section.3.5}
\BOOKMARK [2][-]{subsection.3.5.4}{Aufgabe 4}{section.3.5}
\BOOKMARK [2][-]{subsection.3.5.5}{Aufgabe 5}{section.3.5}
\BOOKMARK [1][-]{section.3.6}{\334bung 6}{chapter.3}
\BOOKMARK [2][-]{subsection.3.6.1}{Aufgabe 1}{section.3.6}
\BOOKMARK [2][-]{subsection.3.6.2}{Aufgabe 2}{section.3.6}
\BOOKMARK [1][-]{section.3.7}{\334bung 7}{chapter.3}
\BOOKMARK [2][-]{subsection.3.7.1}{Aufgabe 3}{section.3.7}
\BOOKMARK [1][-]{section.3.8}{\334bung 8}{chapter.3}
\BOOKMARK [2][-]{subsection.3.8.1}{Aufgabe 1}{section.3.8}
\BOOKMARK [2][-]{subsection.3.8.2}{Aufgabe 2}{section.3.8}
\BOOKMARK [2][-]{subsection.3.8.3}{Aufgabe 3}{section.3.8}
